TN:
SF:src/services/store.ts
FN:31,(anonymous_0)
FNF:1
FNH:0
FNDA:0,(anonymous_0)
DA:14,1
DA:22,1
DA:31,1
DA:32,1
LF:4
LH:4
BRF:0
BRH:0
end_of_record
TN:
SF:src/services/slices/burgerConstructorSlice.ts
FN:23,(anonymous_0)
FN:30,(anonymous_1)
FN:36,(anonymous_2)
FN:47,(anonymous_3)
FN:57,(anonymous_4)
FN:62,(anonymous_5)
FN:66,(anonymous_6)
FN:72,(anonymous_7)
FNF:8
FNH:6
FNDA:2,(anonymous_0)
FNDA:2,(anonymous_1)
FNDA:1,(anonymous_2)
FNDA:1,(anonymous_3)
FNDA:1,(anonymous_4)
FNDA:1,(anonymous_5)
FNDA:0,(anonymous_6)
FNDA:0,(anonymous_7)
DA:12,2
DA:17,2
DA:24,2
DA:25,1
DA:27,1
DA:31,2
DA:32,2
DA:38,1
DA:48,1
DA:61,1
DA:62,1
DA:67,0
DA:68,0
DA:72,0
DA:76,2
DA:84,2
LF:16
LH:13
BRDA:24,0,0,1
BRDA:24,0,1,1
BRF:2
BRH:2
end_of_record
TN:
SF:src/services/slices/feedSlice.ts
FN:28,(anonymous_0)
FN:34,(anonymous_1)
FN:41,(anonymous_2)
FN:43,(anonymous_3)
FN:46,(anonymous_4)
FN:49,(anonymous_5)
FN:55,(anonymous_6)
FN:58,(anonymous_7)
FN:62,(anonymous_8)
FN:67,(anonymous_9)
FN:68,(anonymous_10)
FN:69,(anonymous_11)
FN:70,(anonymous_12)
FNF:13
FNH:7
FNDA:0,(anonymous_0)
FNDA:0,(anonymous_1)
FNDA:2,(anonymous_2)
FNDA:1,(anonymous_3)
FNDA:1,(anonymous_4)
FNDA:1,(anonymous_5)
FNDA:1,(anonymous_6)
FNDA:1,(anonymous_7)
FNDA:1,(anonymous_8)
FNDA:0,(anonymous_9)
FNDA:0,(anonymous_10)
FNDA:0,(anonymous_11)
FNDA:0,(anonymous_12)
DA:20,2
DA:28,2
DA:29,0
DA:32,2
DA:34,0
DA:37,2
DA:42,2
DA:44,1
DA:47,1
DA:50,1
DA:51,1
DA:52,1
DA:53,1
DA:56,1
DA:59,1
DA:60,1
DA:63,1
DA:67,0
DA:68,0
DA:69,0
DA:70,0
DA:79,2
LF:22
LH:16
BRF:0
BRH:0
end_of_record
TN:
SF:src/services/slices/ingredientSlice.ts
FN:24,(anonymous_0)
FN:31,(anonymous_1)
FN:33,(anonymous_2)
FN:36,(anonymous_3)
FN:40,(anonymous_4)
FN:45,(anonymous_5)
FN:46,(anonymous_6)
FNF:7
FNH:4
FNDA:0,(anonymous_0)
FNDA:2,(anonymous_1)
FNDA:1,(anonymous_2)
FNDA:1,(anonymous_3)
FNDA:1,(anonymous_4)
FNDA:0,(anonymous_5)
FNDA:0,(anonymous_6)
DA:17,2
DA:22,2
DA:24,0
DA:27,2
DA:32,2
DA:34,1
DA:37,1
DA:38,1
DA:41,1
DA:45,0
DA:46,0
DA:50,2
DA:52,2
LF:13
LH:10
BRF:0
BRH:0
end_of_record
TN:
SF:src/services/slices/orderSlice.ts
FN:19,(anonymous_0)
FN:26,(anonymous_1)
FN:31,(anonymous_2)
FN:33,(anonymous_3)
FN:37,(anonymous_4)
FN:41,(anonymous_5)
FN:47,(anonymous_6)
FN:48,(anonymous_7)
FNF:8
FNH:5
FNDA:0,(anonymous_0)
FNDA:1,(anonymous_1)
FNDA:2,(anonymous_2)
FNDA:1,(anonymous_3)
FNDA:1,(anonymous_4)
FNDA:2,(anonymous_5)
FNDA:0,(anonymous_6)
FNDA:0,(anonymous_7)
DA:11,2
DA:17,2
DA:19,0
DA:22,2
DA:27,1
DA:28,1
DA:32,2
DA:34,1
DA:35,1
DA:38,1
DA:39,1
DA:42,2
DA:43,2
DA:47,0
DA:48,0
DA:52,2
DA:54,2
LF:17
LH:14
BRDA:39,0,0,1
BRDA:39,0,1,0
BRF:2
BRH:1
end_of_record
TN:
SF:src/services/slices/userSlice.ts
FN:32,(anonymous_0)
FN:38,(anonymous_1)
FN:39,(anonymous_2)
FN:48,(anonymous_3)
FN:49,(anonymous_4)
FN:56,(anonymous_5)
FN:65,(anonymous_6)
FN:70,(anonymous_7)
FN:78,(anonymous_8)
FN:90,(anonymous_9)
FN:94,(anonymous_10)
FN:96,(anonymous_11)
FN:100,(anonymous_12)
FN:104,(anonymous_13)
FN:108,(anonymous_14)
FN:113,(anonymous_15)
FN:117,(anonymous_16)
FN:122,(anonymous_17)
FN:128,(anonymous_18)
FN:132,(anonymous_19)
FN:137,(anonymous_20)
FN:143,(anonymous_21)
FN:149,(anonymous_22)
FN:155,(anonymous_23)
FN:159,(anonymous_24)
FN:164,(anonymous_25)
FN:167,(anonymous_26)
FN:170,(anonymous_27)
FN:175,(anonymous_28)
FN:176,(anonymous_29)
FN:177,(anonymous_30)
FN:178,(anonymous_31)
FNF:32
FNH:19
FNDA:0,(anonymous_0)
FNDA:0,(anonymous_1)
FNDA:0,(anonymous_2)
FNDA:0,(anonymous_3)
FNDA:0,(anonymous_4)
FNDA:0,(anonymous_5)
FNDA:0,(anonymous_6)
FNDA:0,(anonymous_7)
FNDA:0,(anonymous_8)
FNDA:1,(anonymous_9)
FNDA:2,(anonymous_10)
FNDA:1,(anonymous_11)
FNDA:1,(anonymous_12)
FNDA:1,(anonymous_13)
FNDA:1,(anonymous_14)
FNDA:1,(anonymous_15)
FNDA:1,(anonymous_16)
FNDA:1,(anonymous_17)
FNDA:1,(anonymous_18)
FNDA:1,(anonymous_19)
FNDA:1,(anonymous_20)
FNDA:1,(anonymous_21)
FNDA:1,(anonymous_22)
FNDA:1,(anonymous_23)
FNDA:1,(anonymous_24)
FNDA:1,(anonymous_25)
FNDA:1,(anonymous_26)
FNDA:1,(anonymous_27)
FNDA:0,(anonymous_28)
FNDA:0,(anonymous_29)
FNDA:0,(anonymous_30)
FNDA:0,(anonymous_31)
DA:24,2
DA:32,2
DA:33,0
DA:36,2
DA:39,0
DA:40,0
DA:41,0
DA:42,0
DA:46,2
DA:49,0
DA:50,0
DA:51,0
DA:52,0
DA:56,2
DA:57,0
DA:58,0
DA:59,0
DA:60,0
DA:63,2
DA:65,0
DA:68,2
DA:71,0
DA:72,0
DA:76,2
DA:79,0
DA:80,0
DA:82,0
DA:86,2
DA:91,1
DA:95,2
DA:97,1
DA:98,1
DA:101,1
DA:102,1
DA:105,1
DA:106,1
DA:109,1
DA:110,1
DA:111,1
DA:114,1
DA:115,1
DA:118,1
DA:119,1
DA:120,1
DA:123,1
DA:124,1
DA:125,1
DA:126,1
DA:129,1
DA:130,1
DA:133,1
DA:134,1
DA:135,1
DA:138,1
DA:139,1
DA:140,1
DA:141,1
DA:144,1
DA:145,1
DA:146,1
DA:147,1
DA:150,1
DA:151,1
DA:152,1
DA:153,1
DA:156,1
DA:157,1
DA:160,1
DA:161,1
DA:162,1
DA:165,1
DA:168,1
DA:171,1
DA:175,0
DA:176,0
DA:177,0
DA:178,0
DA:187,2
DA:188,2
LF:79
LH:56
BRDA:79,0,0,0
BRDA:79,0,1,0
BRDA:101,1,0,1
BRDA:101,1,1,0
BRDA:115,2,0,1
BRDA:115,2,1,0
BRDA:130,3,0,1
BRDA:130,3,1,0
BRDA:157,4,0,1
BRDA:157,4,1,0
BRDA:168,5,0,1
BRDA:168,5,1,0
BRF:12
BRH:5
end_of_record
